Virtual User Script started at: 21.07.2022 2:34:08	[MsgId: MMSG-15967]
Virtual User Script started at: 21.07.2022 2:34:08	[MsgId: MMSG-15967]
Starting action vuser_init.	[MsgId: MMSG-15919]
Web Turbo Replay of LoadRunner 2020.0.0 for Windows 10; build 793 (ноя 27 2019 19:51:20)  	[MsgId: MMSG-26983]
Run mode: HTML  	[MsgId: MMSG-26993]
Replay user agent: Mozilla/5.0 (Windows NT 10.0; WOW64; Trident/7.0; rv:11.0) like Gecko  	[MsgId: MMSG-26988]
Runtime Settings file: "E:\6. Downloads\TEMP\lr5tmpdirKq2.412\lrcfg77l.413\cfgSui.418"  	[MsgId: MMSG-27141]
Vuser directory: "C:\Users\Sangu\Documents\VuGen\Scripts\UC03_UserAuth_M"  	[MsgId: MMSG-27052]
Vuser output directory: "C:\Users\Sangu\Documents\VuGen\Scripts\UC03_UserAuth_M"  	[MsgId: MMSG-27050]
Operating system's current working directory: "C:\Users\Sangu\Documents\VuGen\Scripts\UC03_UserAuth_M"  	[MsgId: MMSG-27048]
Starting action vuser_init.	[MsgId: MMSG-15919]
Web Turbo Replay of LoadRunner 2020.0.0 for Windows 10; build 793 (ноя 27 2019 19:51:20)  	[MsgId: MMSG-26983]
Run mode: HTML  	[MsgId: MMSG-26993]
Replay user agent: Mozilla/5.0 (Windows NT 10.0; WOW64; Trident/7.0; rv:11.0) like Gecko  	[MsgId: MMSG-26988]
Runtime Settings file: "E:\6. Downloads\TEMP\lr5tmpdirKq2.412\lrcfg77l.413\cfgSui.418"  	[MsgId: MMSG-27141]
Vuser directory: "C:\Users\Sangu\Documents\VuGen\Scripts\UC03_UserAuth_M"  	[MsgId: MMSG-27052]
Vuser output directory: "C:\Users\Sangu\Documents\VuGen\Scripts\UC03_UserAuth_M"  	[MsgId: MMSG-27050]
Operating system's current working directory: "C:\Users\Sangu\Documents\VuGen\Scripts\UC03_UserAuth_M"  	[MsgId: MMSG-27048]
UTC (GMT) start date/time   : 2022-07-20 21:34:08  	[MsgId: MMSG-26992]
LOCAL start date/time       : 2022-07-21 02:34:08  	[MsgId: MMSG-26991]
Local daylight-Savings-Time : No  	[MsgId: MMSG-26990]
Some of the Runtime Settings:  	[MsgId: MMSG-27142]
    Download non-HTML resources: Yes  	[MsgId: MMSG-27018]
    Verification checks: No  	[MsgId: MMSG-27017]
    Convert from/to UTF-8: No  	[MsgId: MMSG-27016]
    Simulate a new user each iteration: Yes  	[MsgId: MMSG-27009]
    Non-critical item errors as warnings: Yes  	[MsgId: MMSG-27008]
    HTTP errors as warnings: No  	[MsgId: MMSG-27007]
    WinInet replay instead of Sockets: No  	[MsgId: MMSG-27006]
    HTTP version: 1.1  	[MsgId: MMSG-27005]
    Keep-Alive HTTP connections: Yes  	[MsgId: MMSG-27004]
    Max self Meta refresh updates: 2  	[MsgId: MMSG-27003]
    No proxy is used (direct connection to the Internet)  	[MsgId: MMSG-27171]
    DNS caching: Yes  	[MsgId: MMSG-27035]
    Simulate browser cache: Yes  	[MsgId: MMSG-27034]
        Cache URLs requiring content (e.g., HTMLs): Yes  	[MsgId: MMSG-27033]
            Additional URLs requiring content: None  	[MsgId: MMSG-27032]
        Check for newer versions every visit to the page: No  	[MsgId: MMSG-27031]
    Page download timeout (sec): 120  	[MsgId: MMSG-27030]
    Resource Page Timeout is a Warning: No  	[MsgId: MMSG-27029]
    ContentCheck enabled: Yes  	[MsgId: MMSG-27028]
    ContentCheck script-level file: "E:\6. Downloads\TEMP\lr5tmpdirKq2.412\lrcfg77l.413\LrwiAedScript.xml"  	[MsgId: MMSG-27027]
    Enable Web Page Breakdown: No  	[MsgId: MMSG-27026]
    Enable connection data points: Yes  	[MsgId: MMSG-27023]
    Process socket after reschedule: Yes  	[MsgId: MMSG-27022]
    Snapshot on error: No  	[MsgId: MMSG-27021]
    Define each step as a transaction: No  	[MsgId: MMSG-27020]
    Read beyond Content-Length: No  	[MsgId: MMSG-26994]
    Parse HTML Content-Type: TEXT  	[MsgId: MMSG-26999]
    Graph hits per second and HTTP status codes: Yes  	[MsgId: MMSG-26998]
    Graph response bytes per second: Yes  	[MsgId: MMSG-26997]
    Graph pages per second: No  	[MsgId: MMSG-26996]
    Web recorder version ID: 10  	[MsgId: MMSG-26995]
UTC (GMT) start date/time   : 2022-07-20 21:34:08  	[MsgId: MMSG-26992]
LOCAL start date/time       : 2022-07-21 02:34:08  	[MsgId: MMSG-26991]
Local daylight-Savings-Time : No  	[MsgId: MMSG-26990]
Some of the Runtime Settings:  	[MsgId: MMSG-27142]
Ending action vuser_init.	[MsgId: MMSG-15918]
Running Vuser...	[MsgId: MMSG-15964]
    Download non-HTML resources: Yes  	[MsgId: MMSG-27018]
    Verification checks: No  	[MsgId: MMSG-27017]
    Convert from/to UTF-8: No  	[MsgId: MMSG-27016]
    Simulate a new user each iteration: Yes  	[MsgId: MMSG-27009]
    Non-critical item errors as warnings: Yes  	[MsgId: MMSG-27008]
    HTTP errors as warnings: No  	[MsgId: MMSG-27007]
    WinInet replay instead of Sockets: No  	[MsgId: MMSG-27006]
    HTTP version: 1.1  	[MsgId: MMSG-27005]
    Keep-Alive HTTP connections: Yes  	[MsgId: MMSG-27004]
    Max self Meta refresh updates: 2  	[MsgId: MMSG-27003]
    No proxy is used (direct connection to the Internet)  	[MsgId: MMSG-27171]
    DNS caching: Yes  	[MsgId: MMSG-27035]
    Simulate browser cache: Yes  	[MsgId: MMSG-27034]
        Cache URLs requiring content (e.g., HTMLs): Yes  	[MsgId: MMSG-27033]
            Additional URLs requiring content: None  	[MsgId: MMSG-27032]
        Check for newer versions every visit to the page: No  	[MsgId: MMSG-27031]
    Page download timeout (sec): 120  	[MsgId: MMSG-27030]
    Resource Page Timeout is a Warning: No  	[MsgId: MMSG-27029]
    ContentCheck enabled: Yes  	[MsgId: MMSG-27028]
    ContentCheck script-level file: "E:\6. Downloads\TEMP\lr5tmpdirKq2.412\lrcfg77l.413\LrwiAedScript.xml"  	[MsgId: MMSG-27027]
    Enable Web Page Breakdown: Yes  	[MsgId: MMSG-27026]
    Enable connection data points: Yes  	[MsgId: MMSG-27023]
    Process socket after reschedule: Yes  	[MsgId: MMSG-27022]
    Snapshot on error: No  	[MsgId: MMSG-27021]
    Define each step as a transaction: No  	[MsgId: MMSG-27020]
    Read beyond Content-Length: No  	[MsgId: MMSG-26994]
    Parse HTML Content-Type: TEXT  	[MsgId: MMSG-26999]
    Graph hits per second and HTTP status codes: Yes  	[MsgId: MMSG-26998]
    Graph response bytes per second: Yes  	[MsgId: MMSG-26997]
    Graph pages per second: No  	[MsgId: MMSG-26996]
    Web recorder version ID: 10  	[MsgId: MMSG-26995]
Ending action vuser_init.	[MsgId: MMSG-15918]
Running Vuser...	[MsgId: MMSG-15964]
Starting iteration 1.	[MsgId: MMSG-15968]
Maximum number of concurrent connections per server: 6  	[MsgId: MMSG-26989]
Starting action Action.	[MsgId: MMSG-15919]
Action.c(5): Notify: Transaction "UC03_UserAuth" started.	[MsgId: MMSG-16999]
..\\common_lib.h(2): Notify: Transaction "homepage" started.	[MsgId: MMSG-16999]
..\\common_lib.h(4): web_reg_find started  	[MsgId: MMSG-26355]
..\\common_lib.h(4): Registering web_reg_find was successful  	[MsgId: MMSG-26390]
..\\common_lib.h(7): web_reg_save_param_attrib started  	[MsgId: MMSG-26355]
..\\common_lib.h(7): Registering web_reg_save_param_attrib was successful  	[MsgId: MMSG-26390]
..\\common_lib.h(18): web_url("WebTours") started  	[MsgId: MMSG-26355]
..\\common_lib.h(18): t=10692ms: Connecting [0] to host 127.0.0.1:1080  	[MsgId: MMSG-26000]
..\\common_lib.h(18): Error -27792: Failed to connect to server "localhost:1080": [10061] Connection refused  	[MsgId: MERR-27792]
..\\common_lib.h(18): t=12711ms: Closed connection [0] to localhost:1080 after completing 0 request(s)  	[MsgId: MMSG-26000]
..\\common_lib.h(18): Search registration for "userSession" parameter is filtered by "Content Type"  	[MsgId: MMSG-26000]
..\\common_lib.h(18): Notify: Saving Parameter "userSession = ".	[MsgId: MMSG-13798]
..\\common_lib.h(18): Error -35048: No match found for the requested parameter "userSession". Check whether the tag with specific attributes exists in the response data  	[MsgId: MERR-35048]
..\\common_lib.h(18): Error -26366: "Text=Welcome to the Web Tours site" not found for web_reg_find  	[MsgId: MERR-26366]
..\\common_lib.h(18): Error -26374: The above "not found" error(s) may be explained by header and body byte counts being 0 and 0, respectively.  	[MsgId: MERR-26374]
..\\common_lib.h(18): web_url("WebTours") highest severity level was "ERROR", 0 body bytes, 0 header bytes  	[MsgId: MMSG-26388]
..\\common_lib.h(18): Notify: Transaction "homepage" ended with a "Fail" status (Duration: 2,0219 Wasted Time: 0,0002).	[MsgId: MMSG-16871]
..\\common_lib.h(18): Notify: Transaction "homepage" has 3 error message(s).	[MsgId: MMSG-16818]
..\\common_lib.h(18): Notify: The 1st error message associated with transaction "homepage" is "Error -27792: Failed to connect to server "localhost:1080": [10061] Connection refused"	[MsgId: MMSG-16819]
..\\common_lib.h(18): Notify: The 2nd error message associated with transaction "homepage" is "Error -26366: "Text=Welcome to the Web Tours site" not found for web_reg_find"	[MsgId: MMSG-16819]
..\\common_lib.h(18): Notify: The 3rd error message associated with transaction "homepage" is "Error -26374: The above "not found" error(s) may be explained by header and body byte counts being 0 and 0, respectively."	[MsgId: MMSG-16819]
..\\common_lib.h(18): Notify: Transaction "UC03_UserAuth" ended with a "Fail" status (Duration: 2,0220 Wasted Time: 0,0002).	[MsgId: MMSG-16871]
..\\common_lib.h(18): Notify: Transaction "UC03_UserAuth" has 3 error message(s).	[MsgId: MMSG-16818]
..\\common_lib.h(18): Notify: The 1st error message associated with transaction "UC03_UserAuth" is "Error -27792: Failed to connect to server "localhost:1080": [10061] Connection refused"	[MsgId: MMSG-16819]
..\\common_lib.h(18): Notify: The 2nd error message associated with transaction "UC03_UserAuth" is "Error -26366: "Text=Welcome to the Web Tours site" not found for web_reg_find"	[MsgId: MMSG-16819]
..\\common_lib.h(18): Notify: The 3rd error message associated with transaction "UC03_UserAuth" is "Error -26374: The above "not found" error(s) may be explained by header and body byte counts being 0 and 0, respectively."	[MsgId: MMSG-16819]
Ending action Action.	[MsgId: MMSG-15918]
Ending iteration 1.	[MsgId: MMSG-15965]
Waiting 66,9770 seconds for iteration pacing.	[MsgId: MMSG-15996]
Starting iteration 1.	[MsgId: MMSG-15968]
Maximum number of concurrent connections per server: 6  	[MsgId: MMSG-26989]
Starting action Action.	[MsgId: MMSG-15919]
Action.c(5): Notify: Transaction "UC03_UserAuth" started.	[MsgId: MMSG-16999]
..\\common_lib.h(2): Notify: Transaction "homepage" started.	[MsgId: MMSG-16999]
..\\common_lib.h(4): web_reg_find started  	[MsgId: MMSG-26355]
..\\common_lib.h(4): Registering web_reg_find was successful  	[MsgId: MMSG-26390]
..\\common_lib.h(7): web_reg_save_param_attrib started  	[MsgId: MMSG-26355]
..\\common_lib.h(7): Registering web_reg_save_param_attrib was successful  	[MsgId: MMSG-26390]
..\\common_lib.h(18): web_url("WebTours") started  	[MsgId: MMSG-26355]
..\\common_lib.h(18): t=20773ms: Connecting [0] to host 127.0.0.1:1080  	[MsgId: MMSG-26000]
..\\common_lib.h(18): Error -27792: Failed to connect to server "localhost:1080": [10061] Connection refused  	[MsgId: MERR-27792]
..\\common_lib.h(18): t=22789ms: Closed connection [0] to localhost:1080 after completing 0 request(s)  	[MsgId: MMSG-26000]
..\\common_lib.h(18): Search registration for "userSession" parameter is filtered by "Content Type"  	[MsgId: MMSG-26000]
..\\common_lib.h(18): Notify: Saving Parameter "userSession = ".	[MsgId: MMSG-13798]
..\\common_lib.h(18): Error -35048: No match found for the requested parameter "userSession". Check whether the tag with specific attributes exists in the response data  	[MsgId: MERR-35048]
..\\common_lib.h(18): Error -26366: "Text=Welcome to the Web Tours site" not found for web_reg_find  	[MsgId: MERR-26366]
..\\common_lib.h(18): Error -26374: The above "not found" error(s) may be explained by header and body byte counts being 0 and 0, respectively.  	[MsgId: MERR-26374]
..\\common_lib.h(18): web_url("WebTours") highest severity level was "ERROR", 0 body bytes, 0 header bytes  	[MsgId: MMSG-26388]
..\\common_lib.h(18): Notify: Transaction "homepage" ended with a "Fail" status (Duration: 2,0184 Wasted Time: 0,0002).	[MsgId: MMSG-16871]
..\\common_lib.h(18): Notify: Transaction "homepage" has 3 error message(s).	[MsgId: MMSG-16818]
..\\common_lib.h(18): Notify: The 1st error message associated with transaction "homepage" is "Error -27792: Failed to connect to server "localhost:1080": [10061] Connection refused"	[MsgId: MMSG-16819]
..\\common_lib.h(18): Notify: The 2nd error message associated with transaction "homepage" is "Error -26366: "Text=Welcome to the Web Tours site" not found for web_reg_find"	[MsgId: MMSG-16819]
..\\common_lib.h(18): Notify: The 3rd error message associated with transaction "homepage" is "Error -26374: The above "not found" error(s) may be explained by header and body byte counts being 0 and 0, respectively."	[MsgId: MMSG-16819]
..\\common_lib.h(18): Notify: Transaction "UC03_UserAuth" ended with a "Fail" status (Duration: 2,0184 Wasted Time: 0,0002).	[MsgId: MMSG-16871]
..\\common_lib.h(18): Notify: Transaction "UC03_UserAuth" has 3 error message(s).	[MsgId: MMSG-16818]
..\\common_lib.h(18): Notify: The 1st error message associated with transaction "UC03_UserAuth" is "Error -27792: Failed to connect to server "localhost:1080": [10061] Connection refused"	[MsgId: MMSG-16819]
..\\common_lib.h(18): Notify: The 2nd error message associated with transaction "UC03_UserAuth" is "Error -26366: "Text=Welcome to the Web Tours site" not found for web_reg_find"	[MsgId: MMSG-16819]
..\\common_lib.h(18): Notify: The 3rd error message associated with transaction "UC03_UserAuth" is "Error -26374: The above "not found" error(s) may be explained by header and body byte counts being 0 and 0, respectively."	[MsgId: MMSG-16819]
Ending action Action.	[MsgId: MMSG-15918]
Ending iteration 1.	[MsgId: MMSG-15965]
Waiting 66,9810 seconds for iteration pacing.	[MsgId: MMSG-15996]
Starting iteration 2.	[MsgId: MMSG-15968]
..\\common_lib.h(18): Resetting all proxy auto-configuration information  	[MsgId: MMSG-26000]
Notify: Next row for parameter login = 4 [table  = login].	[MsgId: MMSG-13876]
Notify: Getting new value for parameter 'login': table = '..\Parameters\users.dat' column = '0' row = '4'.	[MsgId: MMSG-13877]
Notify: Next row for parameter password = 4 [table  = password].	[MsgId: MMSG-13876]
Notify: Getting new value for parameter 'password': table = '..\Parameters\users.dat' column = '1' row = '4'.	[MsgId: MMSG-13877]
Starting action Action.	[MsgId: MMSG-15919]
Action.c(5): Notify: Transaction "UC03_UserAuth" started.	[MsgId: MMSG-16999]
..\\common_lib.h(2): Notify: Transaction "homepage" started.	[MsgId: MMSG-16999]
..\\common_lib.h(4): web_reg_find started  	[MsgId: MMSG-26355]
..\\common_lib.h(4): Registering web_reg_find was successful  	[MsgId: MMSG-26390]
..\\common_lib.h(7): web_reg_save_param_attrib started  	[MsgId: MMSG-26355]
..\\common_lib.h(7): Registering web_reg_save_param_attrib was successful  	[MsgId: MMSG-26390]
..\\common_lib.h(18): web_url("WebTours") started  	[MsgId: MMSG-26355]
..\\common_lib.h(18): t=79706ms: Connecting [0] to host 127.0.0.1:1080  	[MsgId: MMSG-26000]
..\\common_lib.h(18): Error -27792: Failed to connect to server "localhost:1080": [10061] Connection refused  	[MsgId: MERR-27792]
..\\common_lib.h(18): t=81718ms: Closed connection [0] to localhost:1080 after completing 0 request(s)  	[MsgId: MMSG-26000]
..\\common_lib.h(18): Search registration for "userSession" parameter is filtered by "Content Type"  	[MsgId: MMSG-26000]
..\\common_lib.h(18): Notify: Saving Parameter "userSession = ".	[MsgId: MMSG-13798]
..\\common_lib.h(18): Error -35048: No match found for the requested parameter "userSession". Check whether the tag with specific attributes exists in the response data  	[MsgId: MERR-35048]
..\\common_lib.h(18): Error -26366: "Text=Welcome to the Web Tours site" not found for web_reg_find  	[MsgId: MERR-26366]
..\\common_lib.h(18): Error -26374: The above "not found" error(s) may be explained by header and body byte counts being 0 and 0, respectively.  	[MsgId: MERR-26374]
..\\common_lib.h(18): web_url("WebTours") highest severity level was "ERROR", 0 body bytes, 0 header bytes  	[MsgId: MMSG-26388]
..\\common_lib.h(18): Notify: Transaction "homepage" ended with a "Fail" status (Duration: 2,0127 Wasted Time: 0,0003).	[MsgId: MMSG-16871]
..\\common_lib.h(18): Notify: Transaction "homepage" has 3 error message(s).	[MsgId: MMSG-16818]
..\\common_lib.h(18): Notify: The 1st error message associated with transaction "homepage" is "Error -27792: Failed to connect to server "localhost:1080": [10061] Connection refused"	[MsgId: MMSG-16819]
..\\common_lib.h(18): Notify: The 2nd error message associated with transaction "homepage" is "Error -26366: "Text=Welcome to the Web Tours site" not found for web_reg_find"	[MsgId: MMSG-16819]
..\\common_lib.h(18): Notify: The 3rd error message associated with transaction "homepage" is "Error -26374: The above "not found" error(s) may be explained by header and body byte counts being 0 and 0, respectively."	[MsgId: MMSG-16819]
..\\common_lib.h(18): Notify: Transaction "UC03_UserAuth" ended with a "Fail" status (Duration: 2,0127 Wasted Time: 0,0003).	[MsgId: MMSG-16871]
..\\common_lib.h(18): Notify: Transaction "UC03_UserAuth" has 3 error message(s).	[MsgId: MMSG-16818]
..\\common_lib.h(18): Notify: The 1st error message associated with transaction "UC03_UserAuth" is "Error -27792: Failed to connect to server "localhost:1080": [10061] Connection refused"	[MsgId: MMSG-16819]
..\\common_lib.h(18): Notify: The 2nd error message associated with transaction "UC03_UserAuth" is "Error -26366: "Text=Welcome to the Web Tours site" not found for web_reg_find"	[MsgId: MMSG-16819]
..\\common_lib.h(18): Notify: The 3rd error message associated with transaction "UC03_UserAuth" is "Error -26374: The above "not found" error(s) may be explained by header and body byte counts being 0 and 0, respectively."	[MsgId: MMSG-16819]
Ending action Action.	[MsgId: MMSG-15918]
Ending iteration 2.	[MsgId: MMSG-15965]
Waiting 66,9860 seconds for iteration pacing.	[MsgId: MMSG-15996]
Starting iteration 2.	[MsgId: MMSG-15968]
..\\common_lib.h(18): Resetting all proxy auto-configuration information  	[MsgId: MMSG-26000]
Notify: Next row for parameter login = 9 [table  = login].	[MsgId: MMSG-13876]
Notify: Getting new value for parameter 'login': table = '..\Parameters\users.dat' column = '0' row = '9'.	[MsgId: MMSG-13877]
Notify: Next row for parameter password = 9 [table  = password].	[MsgId: MMSG-13876]
Notify: Getting new value for parameter 'password': table = '..\Parameters\users.dat' column = '1' row = '9'.	[MsgId: MMSG-13877]
Starting action Action.	[MsgId: MMSG-15919]
Action.c(5): Notify: Transaction "UC03_UserAuth" started.	[MsgId: MMSG-16999]
..\\common_lib.h(2): Notify: Transaction "homepage" started.	[MsgId: MMSG-16999]
..\\common_lib.h(4): web_reg_find started  	[MsgId: MMSG-26355]
..\\common_lib.h(4): Registering web_reg_find was successful  	[MsgId: MMSG-26390]
..\\common_lib.h(7): web_reg_save_param_attrib started  	[MsgId: MMSG-26355]
..\\common_lib.h(7): Registering web_reg_save_param_attrib was successful  	[MsgId: MMSG-26390]
..\\common_lib.h(18): web_url("WebTours") started  	[MsgId: MMSG-26355]
..\\common_lib.h(18): t=89786ms: Connecting [0] to host 127.0.0.1:1080  	[MsgId: MMSG-26000]
..\\common_lib.h(18): Error -27792: Failed to connect to server "localhost:1080": [10061] Connection refused  	[MsgId: MERR-27792]
..\\common_lib.h(18): t=91808ms: Closed connection [0] to localhost:1080 after completing 0 request(s)  	[MsgId: MMSG-26000]
..\\common_lib.h(18): Search registration for "userSession" parameter is filtered by "Content Type"  	[MsgId: MMSG-26000]
..\\common_lib.h(18): Notify: Saving Parameter "userSession = ".	[MsgId: MMSG-13798]
..\\common_lib.h(18): Error -35048: No match found for the requested parameter "userSession". Check whether the tag with specific attributes exists in the response data  	[MsgId: MERR-35048]
..\\common_lib.h(18): Error -26366: "Text=Welcome to the Web Tours site" not found for web_reg_find  	[MsgId: MERR-26366]
..\\common_lib.h(18): Error -26374: The above "not found" error(s) may be explained by header and body byte counts being 0 and 0, respectively.  	[MsgId: MERR-26374]
..\\common_lib.h(18): web_url("WebTours") highest severity level was "ERROR", 0 body bytes, 0 header bytes  	[MsgId: MMSG-26388]
..\\common_lib.h(18): Notify: Transaction "homepage" ended with a "Fail" status (Duration: 2,0224 Wasted Time: 0,0002).	[MsgId: MMSG-16871]
..\\common_lib.h(18): Notify: Transaction "homepage" has 3 error message(s).	[MsgId: MMSG-16818]
..\\common_lib.h(18): Notify: The 1st error message associated with transaction "homepage" is "Error -27792: Failed to connect to server "localhost:1080": [10061] Connection refused"	[MsgId: MMSG-16819]
..\\common_lib.h(18): Notify: The 2nd error message associated with transaction "homepage" is "Error -26366: "Text=Welcome to the Web Tours site" not found for web_reg_find"	[MsgId: MMSG-16819]
..\\common_lib.h(18): Notify: The 3rd error message associated with transaction "homepage" is "Error -26374: The above "not found" error(s) may be explained by header and body byte counts being 0 and 0, respectively."	[MsgId: MMSG-16819]
..\\common_lib.h(18): Notify: Transaction "UC03_UserAuth" ended with a "Fail" status (Duration: 2,0224 Wasted Time: 0,0002).	[MsgId: MMSG-16871]
..\\common_lib.h(18): Notify: Transaction "UC03_UserAuth" has 3 error message(s).	[MsgId: MMSG-16818]
..\\common_lib.h(18): Notify: The 1st error message associated with transaction "UC03_UserAuth" is "Error -27792: Failed to connect to server "localhost:1080": [10061] Connection refused"	[MsgId: MMSG-16819]
..\\common_lib.h(18): Notify: The 2nd error message associated with transaction "UC03_UserAuth" is "Error -26366: "Text=Welcome to the Web Tours site" not found for web_reg_find"	[MsgId: MMSG-16819]
..\\common_lib.h(18): Notify: The 3rd error message associated with transaction "UC03_UserAuth" is "Error -26374: The above "not found" error(s) may be explained by header and body byte counts being 0 and 0, respectively."	[MsgId: MMSG-16819]
Ending action Action.	[MsgId: MMSG-15918]
Ending iteration 2.	[MsgId: MMSG-15965]
Waiting 66,9770 seconds for iteration pacing.	[MsgId: MMSG-15996]
Starting iteration 3.	[MsgId: MMSG-15968]
..\\common_lib.h(18): Resetting all proxy auto-configuration information  	[MsgId: MMSG-26000]
Notify: Next row for parameter login = 3 [table  = login].	[MsgId: MMSG-13876]
Notify: Getting new value for parameter 'login': table = '..\Parameters\users.dat' column = '0' row = '3'.	[MsgId: MMSG-13877]
Notify: Next row for parameter password = 3 [table  = password].	[MsgId: MMSG-13876]
Notify: Getting new value for parameter 'password': table = '..\Parameters\users.dat' column = '1' row = '3'.	[MsgId: MMSG-13877]
Starting action Action.	[MsgId: MMSG-15919]
Action.c(5): Notify: Transaction "UC03_UserAuth" started.	[MsgId: MMSG-16999]
..\\common_lib.h(2): Notify: Transaction "homepage" started.	[MsgId: MMSG-16999]
..\\common_lib.h(4): web_reg_find started  	[MsgId: MMSG-26355]
..\\common_lib.h(4): Registering web_reg_find was successful  	[MsgId: MMSG-26390]
..\\common_lib.h(7): web_reg_save_param_attrib started  	[MsgId: MMSG-26355]
..\\common_lib.h(7): Registering web_reg_save_param_attrib was successful  	[MsgId: MMSG-26390]
..\\common_lib.h(18): web_url("WebTours") started  	[MsgId: MMSG-26355]
..\\common_lib.h(18): t=148709ms: Connecting [0] to host 127.0.0.1:1080  	[MsgId: MMSG-26000]
..\\common_lib.h(18): Error -27792: Failed to connect to server "localhost:1080": [10061] Connection refused  	[MsgId: MERR-27792]
..\\common_lib.h(18): t=150734ms: Closed connection [0] to localhost:1080 after completing 0 request(s)  	[MsgId: MMSG-26000]
..\\common_lib.h(18): Search registration for "userSession" parameter is filtered by "Content Type"  	[MsgId: MMSG-26000]
..\\common_lib.h(18): Notify: Saving Parameter "userSession = ".	[MsgId: MMSG-13798]
..\\common_lib.h(18): Error -35048: No match found for the requested parameter "userSession". Check whether the tag with specific attributes exists in the response data  	[MsgId: MERR-35048]
..\\common_lib.h(18): Error -26366: "Text=Welcome to the Web Tours site" not found for web_reg_find  	[MsgId: MERR-26366]
..\\common_lib.h(18): Error -26374: The above "not found" error(s) may be explained by header and body byte counts being 0 and 0, respectively.  	[MsgId: MERR-26374]
..\\common_lib.h(18): web_url("WebTours") highest severity level was "ERROR", 0 body bytes, 0 header bytes  	[MsgId: MMSG-26388]
..\\common_lib.h(18): Notify: Transaction "homepage" ended with a "Fail" status (Duration: 2,0268 Wasted Time: 0,0002).	[MsgId: MMSG-16871]
..\\common_lib.h(18): Notify: Transaction "homepage" has 3 error message(s).	[MsgId: MMSG-16818]
..\\common_lib.h(18): Notify: The 1st error message associated with transaction "homepage" is "Error -27792: Failed to connect to server "localhost:1080": [10061] Connection refused"	[MsgId: MMSG-16819]
..\\common_lib.h(18): Notify: The 2nd error message associated with transaction "homepage" is "Error -26366: "Text=Welcome to the Web Tours site" not found for web_reg_find"	[MsgId: MMSG-16819]
..\\common_lib.h(18): Notify: The 3rd error message associated with transaction "homepage" is "Error -26374: The above "not found" error(s) may be explained by header and body byte counts being 0 and 0, respectively."	[MsgId: MMSG-16819]
..\\common_lib.h(18): Notify: Transaction "UC03_UserAuth" ended with a "Fail" status (Duration: 2,0268 Wasted Time: 0,0002).	[MsgId: MMSG-16871]
..\\common_lib.h(18): Notify: Transaction "UC03_UserAuth" has 3 error message(s).	[MsgId: MMSG-16818]
..\\common_lib.h(18): Notify: The 1st error message associated with transaction "UC03_UserAuth" is "Error -27792: Failed to connect to server "localhost:1080": [10061] Connection refused"	[MsgId: MMSG-16819]
..\\common_lib.h(18): Notify: The 2nd error message associated with transaction "UC03_UserAuth" is "Error -26366: "Text=Welcome to the Web Tours site" not found for web_reg_find"	[MsgId: MMSG-16819]
..\\common_lib.h(18): Notify: The 3rd error message associated with transaction "UC03_UserAuth" is "Error -26374: The above "not found" error(s) may be explained by header and body byte counts being 0 and 0, respectively."	[MsgId: MMSG-16819]
Ending action Action.	[MsgId: MMSG-15918]
Ending iteration 3.	[MsgId: MMSG-15965]
Waiting 66,9720 seconds for iteration pacing.	[MsgId: MMSG-15996]
Starting iteration 3.	[MsgId: MMSG-15968]
..\\common_lib.h(18): Resetting all proxy auto-configuration information  	[MsgId: MMSG-26000]
Notify: Next row for parameter login = 5 [table  = login].	[MsgId: MMSG-13876]
Notify: Getting new value for parameter 'login': table = '..\Parameters\users.dat' column = '0' row = '5'.	[MsgId: MMSG-13877]
Notify: Next row for parameter password = 5 [table  = password].	[MsgId: MMSG-13876]
Notify: Getting new value for parameter 'password': table = '..\Parameters\users.dat' column = '1' row = '5'.	[MsgId: MMSG-13877]
Starting action Action.	[MsgId: MMSG-15919]
Action.c(5): Notify: Transaction "UC03_UserAuth" started.	[MsgId: MMSG-16999]
..\\common_lib.h(2): Notify: Transaction "homepage" started.	[MsgId: MMSG-16999]
..\\common_lib.h(4): web_reg_find started  	[MsgId: MMSG-26355]
..\\common_lib.h(4): Registering web_reg_find was successful  	[MsgId: MMSG-26390]
..\\common_lib.h(7): web_reg_save_param_attrib started  	[MsgId: MMSG-26355]
..\\common_lib.h(7): Registering web_reg_save_param_attrib was successful  	[MsgId: MMSG-26390]
..\\common_lib.h(18): web_url("WebTours") started  	[MsgId: MMSG-26355]
..\\common_lib.h(18): t=158802ms: Connecting [0] to host 127.0.0.1:1080  	[MsgId: MMSG-26000]
..\\common_lib.h(18): Error -27792: Failed to connect to server "localhost:1080": [10061] Connection refused  	[MsgId: MERR-27792]
..\\common_lib.h(18): t=160820ms: Closed connection [0] to localhost:1080 after completing 0 request(s)  	[MsgId: MMSG-26000]
..\\common_lib.h(18): Search registration for "userSession" parameter is filtered by "Content Type"  	[MsgId: MMSG-26000]
..\\common_lib.h(18): Notify: Saving Parameter "userSession = ".	[MsgId: MMSG-13798]
..\\common_lib.h(18): Error -35048: No match found for the requested parameter "userSession". Check whether the tag with specific attributes exists in the response data  	[MsgId: MERR-35048]
..\\common_lib.h(18): Error -26366: "Text=Welcome to the Web Tours site" not found for web_reg_find  	[MsgId: MERR-26366]
..\\common_lib.h(18): Error -26374: The above "not found" error(s) may be explained by header and body byte counts being 0 and 0, respectively.  	[MsgId: MERR-26374]
..\\common_lib.h(18): web_url("WebTours") highest severity level was "ERROR", 0 body bytes, 0 header bytes  	[MsgId: MMSG-26388]
..\\common_lib.h(18): Notify: Transaction "homepage" ended with a "Fail" status (Duration: 2,0189 Wasted Time: 0,0002).	[MsgId: MMSG-16871]
..\\common_lib.h(18): Notify: Transaction "homepage" has 3 error message(s).	[MsgId: MMSG-16818]
..\\common_lib.h(18): Notify: The 1st error message associated with transaction "homepage" is "Error -27792: Failed to connect to server "localhost:1080": [10061] Connection refused"	[MsgId: MMSG-16819]
..\\common_lib.h(18): Notify: The 2nd error message associated with transaction "homepage" is "Error -26366: "Text=Welcome to the Web Tours site" not found for web_reg_find"	[MsgId: MMSG-16819]
..\\common_lib.h(18): Notify: The 3rd error message associated with transaction "homepage" is "Error -26374: The above "not found" error(s) may be explained by header and body byte counts being 0 and 0, respectively."	[MsgId: MMSG-16819]
..\\common_lib.h(18): Notify: Transaction "UC03_UserAuth" ended with a "Fail" status (Duration: 2,0190 Wasted Time: 0,0002).	[MsgId: MMSG-16871]
..\\common_lib.h(18): Notify: Transaction "UC03_UserAuth" has 3 error message(s).	[MsgId: MMSG-16818]
..\\common_lib.h(18): Notify: The 1st error message associated with transaction "UC03_UserAuth" is "Error -27792: Failed to connect to server "localhost:1080": [10061] Connection refused"	[MsgId: MMSG-16819]
..\\common_lib.h(18): Notify: The 2nd error message associated with transaction "UC03_UserAuth" is "Error -26366: "Text=Welcome to the Web Tours site" not found for web_reg_find"	[MsgId: MMSG-16819]
..\\common_lib.h(18): Notify: The 3rd error message associated with transaction "UC03_UserAuth" is "Error -26374: The above "not found" error(s) may be explained by header and body byte counts being 0 and 0, respectively."	[MsgId: MMSG-16819]
Ending action Action.	[MsgId: MMSG-15918]
Ending iteration 3.	[MsgId: MMSG-15965]
Waiting 66,9800 seconds for iteration pacing.	[MsgId: MMSG-15996]
Starting iteration 4.	[MsgId: MMSG-15968]
..\\common_lib.h(18): Resetting all proxy auto-configuration information  	[MsgId: MMSG-26000]
Notify: Next row for parameter login = 4 [table  = login].	[MsgId: MMSG-13876]
Notify: Getting new value for parameter 'login': table = '..\Parameters\users.dat' column = '0' row = '4'.	[MsgId: MMSG-13877]
Notify: Next row for parameter password = 4 [table  = password].	[MsgId: MMSG-13876]
Notify: Getting new value for parameter 'password': table = '..\Parameters\users.dat' column = '1' row = '4'.	[MsgId: MMSG-13877]
Starting action Action.	[MsgId: MMSG-15919]
Action.c(5): Notify: Transaction "UC03_UserAuth" started.	[MsgId: MMSG-16999]
..\\common_lib.h(2): Notify: Transaction "homepage" started.	[MsgId: MMSG-16999]
..\\common_lib.h(4): web_reg_find started  	[MsgId: MMSG-26355]
..\\common_lib.h(4): Registering web_reg_find was successful  	[MsgId: MMSG-26390]
..\\common_lib.h(7): web_reg_save_param_attrib started  	[MsgId: MMSG-26355]
..\\common_lib.h(7): Registering web_reg_save_param_attrib was successful  	[MsgId: MMSG-26390]
..\\common_lib.h(18): web_url("WebTours") started  	[MsgId: MMSG-26355]
..\\common_lib.h(18): t=217715ms: Connecting [0] to host 127.0.0.1:1080  	[MsgId: MMSG-26000]
..\\common_lib.h(18): Error -27792: Failed to connect to server "localhost:1080": [10061] Connection refused  	[MsgId: MERR-27792]
..\\common_lib.h(18): t=219730ms: Closed connection [0] to localhost:1080 after completing 0 request(s)  	[MsgId: MMSG-26000]
..\\common_lib.h(18): Search registration for "userSession" parameter is filtered by "Content Type"  	[MsgId: MMSG-26000]
..\\common_lib.h(18): Notify: Saving Parameter "userSession = ".	[MsgId: MMSG-13798]
..\\common_lib.h(18): Error -35048: No match found for the requested parameter "userSession". Check whether the tag with specific attributes exists in the response data  	[MsgId: MERR-35048]
..\\common_lib.h(18): Error -26366: "Text=Welcome to the Web Tours site" not found for web_reg_find  	[MsgId: MERR-26366]
..\\common_lib.h(18): Error -26374: The above "not found" error(s) may be explained by header and body byte counts being 0 and 0, respectively.  	[MsgId: MERR-26374]
..\\common_lib.h(18): web_url("WebTours") highest severity level was "ERROR", 0 body bytes, 0 header bytes  	[MsgId: MMSG-26388]
..\\common_lib.h(18): Notify: Transaction "homepage" ended with a "Fail" status (Duration: 2,0163 Wasted Time: 0,0003).	[MsgId: MMSG-16871]
..\\common_lib.h(18): Notify: Transaction "homepage" has 3 error message(s).	[MsgId: MMSG-16818]
..\\common_lib.h(18): Notify: The 1st error message associated with transaction "homepage" is "Error -27792: Failed to connect to server "localhost:1080": [10061] Connection refused"	[MsgId: MMSG-16819]
..\\common_lib.h(18): Notify: The 2nd error message associated with transaction "homepage" is "Error -26366: "Text=Welcome to the Web Tours site" not found for web_reg_find"	[MsgId: MMSG-16819]
..\\common_lib.h(18): Notify: The 3rd error message associated with transaction "homepage" is "Error -26374: The above "not found" error(s) may be explained by header and body byte counts being 0 and 0, respectively."	[MsgId: MMSG-16819]
..\\common_lib.h(18): Notify: Transaction "UC03_UserAuth" ended with a "Fail" status (Duration: 2,0164 Wasted Time: 0,0003).	[MsgId: MMSG-16871]
..\\common_lib.h(18): Notify: Transaction "UC03_UserAuth" has 3 error message(s).	[MsgId: MMSG-16818]
..\\common_lib.h(18): Notify: The 1st error message associated with transaction "UC03_UserAuth" is "Error -27792: Failed to connect to server "localhost:1080": [10061] Connection refused"	[MsgId: MMSG-16819]
..\\common_lib.h(18): Notify: The 2nd error message associated with transaction "UC03_UserAuth" is "Error -26366: "Text=Welcome to the Web Tours site" not found for web_reg_find"	[MsgId: MMSG-16819]
..\\common_lib.h(18): Notify: The 3rd error message associated with transaction "UC03_UserAuth" is "Error -26374: The above "not found" error(s) may be explained by header and body byte counts being 0 and 0, respectively."	[MsgId: MMSG-16819]
Ending action Action.	[MsgId: MMSG-15918]
Ending iteration 4.	[MsgId: MMSG-15965]
Waiting 66,9820 seconds for iteration pacing.	[MsgId: MMSG-15996]
Starting iteration 4.	[MsgId: MMSG-15968]
..\\common_lib.h(18): Resetting all proxy auto-configuration information  	[MsgId: MMSG-26000]
Notify: Next row for parameter login = 7 [table  = login].	[MsgId: MMSG-13876]
Notify: Getting new value for parameter 'login': table = '..\Parameters\users.dat' column = '0' row = '7'.	[MsgId: MMSG-13877]
Notify: Next row for parameter password = 7 [table  = password].	[MsgId: MMSG-13876]
Notify: Getting new value for parameter 'password': table = '..\Parameters\users.dat' column = '1' row = '7'.	[MsgId: MMSG-13877]
Starting action Action.	[MsgId: MMSG-15919]
Action.c(5): Notify: Transaction "UC03_UserAuth" started.	[MsgId: MMSG-16999]
..\\common_lib.h(2): Notify: Transaction "homepage" started.	[MsgId: MMSG-16999]
..\\common_lib.h(4): web_reg_find started  	[MsgId: MMSG-26355]
..\\common_lib.h(4): Registering web_reg_find was successful  	[MsgId: MMSG-26390]
..\\common_lib.h(7): web_reg_save_param_attrib started  	[MsgId: MMSG-26355]
..\\common_lib.h(7): Registering web_reg_save_param_attrib was successful  	[MsgId: MMSG-26390]
..\\common_lib.h(18): web_url("WebTours") started  	[MsgId: MMSG-26355]
..\\common_lib.h(18): t=227810ms: Connecting [0] to host 127.0.0.1:1080  	[MsgId: MMSG-26000]
..\\common_lib.h(18): Error -27792: Failed to connect to server "localhost:1080": [10061] Connection refused  	[MsgId: MERR-27792]
..\\common_lib.h(18): t=229840ms: Closed connection [0] to localhost:1080 after completing 0 request(s)  	[MsgId: MMSG-26000]
..\\common_lib.h(18): Search registration for "userSession" parameter is filtered by "Content Type"  	[MsgId: MMSG-26000]
..\\common_lib.h(18): Notify: Saving Parameter "userSession = ".	[MsgId: MMSG-13798]
..\\common_lib.h(18): Error -35048: No match found for the requested parameter "userSession". Check whether the tag with specific attributes exists in the response data  	[MsgId: MERR-35048]
..\\common_lib.h(18): Error -26366: "Text=Welcome to the Web Tours site" not found for web_reg_find  	[MsgId: MERR-26366]
..\\common_lib.h(18): Error -26374: The above "not found" error(s) may be explained by header and body byte counts being 0 and 0, respectively.  	[MsgId: MERR-26374]
..\\common_lib.h(18): web_url("WebTours") highest severity level was "ERROR", 0 body bytes, 0 header bytes  	[MsgId: MMSG-26388]
..\\common_lib.h(18): Notify: Transaction "homepage" ended with a "Fail" status (Duration: 2,0305 Wasted Time: 0,0003).	[MsgId: MMSG-16871]
..\\common_lib.h(18): Notify: Transaction "homepage" has 3 error message(s).	[MsgId: MMSG-16818]
..\\common_lib.h(18): Notify: The 1st error message associated with transaction "homepage" is "Error -27792: Failed to connect to server "localhost:1080": [10061] Connection refused"	[MsgId: MMSG-16819]
..\\common_lib.h(18): Notify: The 2nd error message associated with transaction "homepage" is "Error -26366: "Text=Welcome to the Web Tours site" not found for web_reg_find"	[MsgId: MMSG-16819]
..\\common_lib.h(18): Notify: The 3rd error message associated with transaction "homepage" is "Error -26374: The above "not found" error(s) may be explained by header and body byte counts being 0 and 0, respectively."	[MsgId: MMSG-16819]
..\\common_lib.h(18): Notify: Transaction "UC03_UserAuth" ended with a "Fail" status (Duration: 2,0305 Wasted Time: 0,0003).	[MsgId: MMSG-16871]
..\\common_lib.h(18): Notify: Transaction "UC03_UserAuth" has 3 error message(s).	[MsgId: MMSG-16818]
..\\common_lib.h(18): Notify: The 1st error message associated with transaction "UC03_UserAuth" is "Error -27792: Failed to connect to server "localhost:1080": [10061] Connection refused"	[MsgId: MMSG-16819]
..\\common_lib.h(18): Notify: The 2nd error message associated with transaction "UC03_UserAuth" is "Error -26366: "Text=Welcome to the Web Tours site" not found for web_reg_find"	[MsgId: MMSG-16819]
..\\common_lib.h(18): Notify: The 3rd error message associated with transaction "UC03_UserAuth" is "Error -26374: The above "not found" error(s) may be explained by header and body byte counts being 0 and 0, respectively."	[MsgId: MMSG-16819]
Ending action Action.	[MsgId: MMSG-15918]
Ending iteration 4.	[MsgId: MMSG-15965]
Waiting 66,9690 seconds for iteration pacing.	[MsgId: MMSG-15996]
Action was aborted.	[MsgId: MMSG-10694]
Ending Vuser...	[MsgId: MMSG-15966]
Starting action vuser_end.	[MsgId: MMSG-15919]
Ending action vuser_end.	[MsgId: MMSG-15918]
Vuser Terminated.	[MsgId: MMSG-15963]
Action was aborted.	[MsgId: MMSG-10694]
Ending Vuser...	[MsgId: MMSG-15966]
Starting action vuser_end.	[MsgId: MMSG-15919]
Ending action vuser_end.	[MsgId: MMSG-15918]
Vuser Terminated.	[MsgId: MMSG-15963]
HTML-Mode memory management statistics: Reusable=0, NonReusable=0, CsMemBlockSize=4096, checks disabled  	[MsgId: MMSG-26000]
Vuser 1 (thread 2424), ended OK."	[MsgId: MMSG-10695]
HTML-Mode memory management statistics: Reusable=0, NonReusable=0, CsMemBlockSize=4096, checks disabled  	[MsgId: MMSG-26000]
Vuser 0 (thread 2608), ended OK."	[MsgId: MMSG-10695]
