Virtual User Script started at: 21.07.2022 2:15:22	[MsgId: MMSG-15967]
Virtual User Script started at: 21.07.2022 2:15:22	[MsgId: MMSG-15967]
Starting action vuser_init.	[MsgId: MMSG-15919]
Starting action vuser_init.	[MsgId: MMSG-15919]
Web Turbo Replay of LoadRunner 2020.0.0 for Windows 10; build 793 (ноя 27 2019 19:51:20)  	[MsgId: MMSG-26983]
Web Turbo Replay of LoadRunner 2020.0.0 for Windows 10; build 793 (ноя 27 2019 19:51:20)  	[MsgId: MMSG-26983]
Run mode: HTML  	[MsgId: MMSG-26993]
Run mode: HTML  	[MsgId: MMSG-26993]
Replay user agent: Mozilla/5.0 (Windows NT 10.0; WOW64; Trident/7.0; rv:11.0) like Gecko  	[MsgId: MMSG-26988]
Replay user agent: Mozilla/5.0 (Windows NT 10.0; WOW64; Trident/7.0; rv:11.0) like Gecko  	[MsgId: MMSG-26988]
Runtime Settings file: "E:\6. Downloads\TEMP\lr5tmpdir05S.972\lrcfg3aK.973\cfgcYB.978"  	[MsgId: MMSG-27141]
Runtime Settings file: "E:\6. Downloads\TEMP\lr5tmpdir05S.972\lrcfg3aK.973\cfgcYB.978"  	[MsgId: MMSG-27141]
Vuser directory: "C:\Users\Sangu\Documents\VuGen\Scripts\UC04_CreateNewUser_M"  	[MsgId: MMSG-27052]
Vuser directory: "C:\Users\Sangu\Documents\VuGen\Scripts\UC04_CreateNewUser_M"  	[MsgId: MMSG-27052]
Vuser output directory: "C:\Users\Sangu\Documents\VuGen\Scripts\UC04_CreateNewUser_M"  	[MsgId: MMSG-27050]
Vuser output directory: "C:\Users\Sangu\Documents\VuGen\Scripts\UC04_CreateNewUser_M"  	[MsgId: MMSG-27050]
Operating system's current working directory: "C:\Users\Sangu\Documents\VuGen\Scripts\UC04_CreateNewUser_M"  	[MsgId: MMSG-27048]
UTC (GMT) start date/time   : 2022-07-20 21:15:22  	[MsgId: MMSG-26992]
LOCAL start date/time       : 2022-07-21 02:15:22  	[MsgId: MMSG-26991]
Operating system's current working directory: "C:\Users\Sangu\Documents\VuGen\Scripts\UC04_CreateNewUser_M"  	[MsgId: MMSG-27048]
Local daylight-Savings-Time : No  	[MsgId: MMSG-26990]
UTC (GMT) start date/time   : 2022-07-20 21:15:22  	[MsgId: MMSG-26992]
Some of the Runtime Settings:  	[MsgId: MMSG-27142]
LOCAL start date/time       : 2022-07-21 02:15:22  	[MsgId: MMSG-26991]
    Download non-HTML resources: Yes  	[MsgId: MMSG-27018]
Local daylight-Savings-Time : No  	[MsgId: MMSG-26990]
Some of the Runtime Settings:  	[MsgId: MMSG-27142]
    Download non-HTML resources: Yes  	[MsgId: MMSG-27018]
    Verification checks: No  	[MsgId: MMSG-27017]
    Convert from/to UTF-8: No  	[MsgId: MMSG-27016]
    Simulate a new user each iteration: Yes  	[MsgId: MMSG-27009]
    Non-critical item errors as warnings: Yes  	[MsgId: MMSG-27008]
    Verification checks: No  	[MsgId: MMSG-27017]
    HTTP errors as warnings: No  	[MsgId: MMSG-27007]
    Convert from/to UTF-8: No  	[MsgId: MMSG-27016]
    WinInet replay instead of Sockets: No  	[MsgId: MMSG-27006]
    Simulate a new user each iteration: Yes  	[MsgId: MMSG-27009]
    HTTP version: 1.1  	[MsgId: MMSG-27005]
    Non-critical item errors as warnings: Yes  	[MsgId: MMSG-27008]
    Keep-Alive HTTP connections: Yes  	[MsgId: MMSG-27004]
    HTTP errors as warnings: No  	[MsgId: MMSG-27007]
    Max self Meta refresh updates: 2  	[MsgId: MMSG-27003]
    WinInet replay instead of Sockets: No  	[MsgId: MMSG-27006]
    No proxy is used (direct connection to the Internet)  	[MsgId: MMSG-27171]
    HTTP version: 1.1  	[MsgId: MMSG-27005]
    DNS caching: Yes  	[MsgId: MMSG-27035]
    Keep-Alive HTTP connections: Yes  	[MsgId: MMSG-27004]
    Simulate browser cache: Yes  	[MsgId: MMSG-27034]
    Max self Meta refresh updates: 2  	[MsgId: MMSG-27003]
        Cache URLs requiring content (e.g., HTMLs): Yes  	[MsgId: MMSG-27033]
    No proxy is used (direct connection to the Internet)  	[MsgId: MMSG-27171]
            Additional URLs requiring content: None  	[MsgId: MMSG-27032]
    DNS caching: Yes  	[MsgId: MMSG-27035]
        Check for newer versions every visit to the page: No  	[MsgId: MMSG-27031]
    Simulate browser cache: Yes  	[MsgId: MMSG-27034]
    Page download timeout (sec): 120  	[MsgId: MMSG-27030]
        Cache URLs requiring content (e.g., HTMLs): Yes  	[MsgId: MMSG-27033]
    Resource Page Timeout is a Warning: No  	[MsgId: MMSG-27029]
    ContentCheck enabled: Yes  	[MsgId: MMSG-27028]
    ContentCheck script-level file: "E:\6. Downloads\TEMP\lr5tmpdir05S.972\lrcfg3aK.973\LrwiAedScript.xml"  	[MsgId: MMSG-27027]
    Enable Web Page Breakdown: No  	[MsgId: MMSG-27026]
            Additional URLs requiring content: None  	[MsgId: MMSG-27032]
    Enable connection data points: Yes  	[MsgId: MMSG-27023]
    Process socket after reschedule: Yes  	[MsgId: MMSG-27022]
        Check for newer versions every visit to the page: No  	[MsgId: MMSG-27031]
    Snapshot on error: No  	[MsgId: MMSG-27021]
    Page download timeout (sec): 120  	[MsgId: MMSG-27030]
    Define each step as a transaction: No  	[MsgId: MMSG-27020]
    Resource Page Timeout is a Warning: No  	[MsgId: MMSG-27029]
    Read beyond Content-Length: No  	[MsgId: MMSG-26994]
    Parse HTML Content-Type: TEXT  	[MsgId: MMSG-26999]
    ContentCheck enabled: Yes  	[MsgId: MMSG-27028]
    Graph hits per second and HTTP status codes: Yes  	[MsgId: MMSG-26998]
    Graph response bytes per second: Yes  	[MsgId: MMSG-26997]
    ContentCheck script-level file: "E:\6. Downloads\TEMP\lr5tmpdir05S.972\lrcfg3aK.973\LrwiAedScript.xml"  	[MsgId: MMSG-27027]
    Graph pages per second: No  	[MsgId: MMSG-26996]
    Enable Web Page Breakdown: Yes  	[MsgId: MMSG-27026]
    Web recorder version ID: 10  	[MsgId: MMSG-26995]
    Enable connection data points: Yes  	[MsgId: MMSG-27023]
    Process socket after reschedule: Yes  	[MsgId: MMSG-27022]
    Snapshot on error: No  	[MsgId: MMSG-27021]
    Define each step as a transaction: No  	[MsgId: MMSG-27020]
    Read beyond Content-Length: No  	[MsgId: MMSG-26994]
    Parse HTML Content-Type: TEXT  	[MsgId: MMSG-26999]
    Graph hits per second and HTTP status codes: Yes  	[MsgId: MMSG-26998]
    Graph response bytes per second: Yes  	[MsgId: MMSG-26997]
    Graph pages per second: No  	[MsgId: MMSG-26996]
Ending action vuser_init.	[MsgId: MMSG-15918]
Running Vuser...	[MsgId: MMSG-15964]
    Web recorder version ID: 10  	[MsgId: MMSG-26995]
Ending action vuser_init.	[MsgId: MMSG-15918]
Running Vuser...	[MsgId: MMSG-15964]
Starting iteration 1.	[MsgId: MMSG-15968]
Maximum number of concurrent connections per server: 6  	[MsgId: MMSG-26989]
Starting action Action.	[MsgId: MMSG-15919]
Action.c(5): Notify: Transaction "UC04_CreateNewUser" started.	[MsgId: MMSG-16999]
..\\common_lib.h(2): Notify: Transaction "homepage" started.	[MsgId: MMSG-16999]
..\\common_lib.h(4): web_reg_find started  	[MsgId: MMSG-26355]
..\\common_lib.h(4): Registering web_reg_find was successful  	[MsgId: MMSG-26390]
..\\common_lib.h(7): web_reg_save_param_attrib started  	[MsgId: MMSG-26355]
..\\common_lib.h(7): Registering web_reg_save_param_attrib was successful  	[MsgId: MMSG-26390]
..\\common_lib.h(18): web_url("WebTours") started  	[MsgId: MMSG-26355]
..\\common_lib.h(18): t=5408ms: Connecting [0] to host 127.0.0.1:1080  	[MsgId: MMSG-26000]
..\\common_lib.h(18): Error -27792: Failed to connect to server "localhost:1080": [10061] Connection refused  	[MsgId: MERR-27792]
..\\common_lib.h(18): t=7425ms: Closed connection [0] to localhost:1080 after completing 0 request(s)  	[MsgId: MMSG-26000]
..\\common_lib.h(18): Search registration for "userSession" parameter is filtered by "Content Type"  	[MsgId: MMSG-26000]
..\\common_lib.h(18): Notify: Saving Parameter "userSession = ".	[MsgId: MMSG-13798]
..\\common_lib.h(18): Error -35048: No match found for the requested parameter "userSession". Check whether the tag with specific attributes exists in the response data  	[MsgId: MERR-35048]
..\\common_lib.h(18): Error -26366: "Text=Welcome to the Web Tours site" not found for web_reg_find  	[MsgId: MERR-26366]
..\\common_lib.h(18): Error -26374: The above "not found" error(s) may be explained by header and body byte counts being 0 and 0, respectively.  	[MsgId: MERR-26374]
..\\common_lib.h(18): web_url("WebTours") highest severity level was "ERROR", 0 body bytes, 0 header bytes  	[MsgId: MMSG-26388]
..\\common_lib.h(18): Notify: Transaction "homepage" ended with a "Fail" status (Duration: 2,0190 Wasted Time: 0,0002).	[MsgId: MMSG-16871]
..\\common_lib.h(18): Notify: Transaction "homepage" has 3 error message(s).	[MsgId: MMSG-16818]
..\\common_lib.h(18): Notify: The 1st error message associated with transaction "homepage" is "Error -27792: Failed to connect to server "localhost:1080": [10061] Connection refused"	[MsgId: MMSG-16819]
..\\common_lib.h(18): Notify: The 2nd error message associated with transaction "homepage" is "Error -26366: "Text=Welcome to the Web Tours site" not found for web_reg_find"	[MsgId: MMSG-16819]
..\\common_lib.h(18): Notify: The 3rd error message associated with transaction "homepage" is "Error -26374: The above "not found" error(s) may be explained by header and body byte counts being 0 and 0, respectively."	[MsgId: MMSG-16819]
..\\common_lib.h(18): Notify: Transaction "UC04_CreateNewUser" ended with a "Fail" status (Duration: 2,0190 Wasted Time: 0,0002).	[MsgId: MMSG-16871]
..\\common_lib.h(18): Notify: Transaction "UC04_CreateNewUser" has 3 error message(s).	[MsgId: MMSG-16818]
..\\common_lib.h(18): Notify: The 1st error message associated with transaction "UC04_CreateNewUser" is "Error -27792: Failed to connect to server "localhost:1080": [10061] Connection refused"	[MsgId: MMSG-16819]
..\\common_lib.h(18): Notify: The 2nd error message associated with transaction "UC04_CreateNewUser" is "Error -26366: "Text=Welcome to the Web Tours site" not found for web_reg_find"	[MsgId: MMSG-16819]
..\\common_lib.h(18): Notify: The 3rd error message associated with transaction "UC04_CreateNewUser" is "Error -26374: The above "not found" error(s) may be explained by header and body byte counts being 0 and 0, respectively."	[MsgId: MMSG-16819]
Ending action Action.	[MsgId: MMSG-15918]
Ending iteration 1.	[MsgId: MMSG-15965]
Waiting 68,9800 seconds for iteration pacing.	[MsgId: MMSG-15996]
Starting iteration 1.	[MsgId: MMSG-15968]
Maximum number of concurrent connections per server: 6  	[MsgId: MMSG-26989]
Starting action Action.	[MsgId: MMSG-15919]
Action.c(5): Notify: Transaction "UC04_CreateNewUser" started.	[MsgId: MMSG-16999]
..\\common_lib.h(2): Notify: Transaction "homepage" started.	[MsgId: MMSG-16999]
..\\common_lib.h(4): web_reg_find started  	[MsgId: MMSG-26355]
..\\common_lib.h(4): Registering web_reg_find was successful  	[MsgId: MMSG-26390]
..\\common_lib.h(7): web_reg_save_param_attrib started  	[MsgId: MMSG-26355]
..\\common_lib.h(7): Registering web_reg_save_param_attrib was successful  	[MsgId: MMSG-26390]
..\\common_lib.h(18): web_url("WebTours") started  	[MsgId: MMSG-26355]
..\\common_lib.h(18): t=25498ms: Connecting [0] to host 127.0.0.1:1080  	[MsgId: MMSG-26000]
..\\common_lib.h(18): Error -27792: Failed to connect to server "localhost:1080": [10061] Connection refused  	[MsgId: MERR-27792]
..\\common_lib.h(18): t=27521ms: Closed connection [0] to localhost:1080 after completing 0 request(s)  	[MsgId: MMSG-26000]
..\\common_lib.h(18): Search registration for "userSession" parameter is filtered by "Content Type"  	[MsgId: MMSG-26000]
..\\common_lib.h(18): Notify: Saving Parameter "userSession = ".	[MsgId: MMSG-13798]
..\\common_lib.h(18): Error -35048: No match found for the requested parameter "userSession". Check whether the tag with specific attributes exists in the response data  	[MsgId: MERR-35048]
..\\common_lib.h(18): Error -26366: "Text=Welcome to the Web Tours site" not found for web_reg_find  	[MsgId: MERR-26366]
..\\common_lib.h(18): Error -26374: The above "not found" error(s) may be explained by header and body byte counts being 0 and 0, respectively.  	[MsgId: MERR-26374]
..\\common_lib.h(18): web_url("WebTours") highest severity level was "ERROR", 0 body bytes, 0 header bytes  	[MsgId: MMSG-26388]
..\\common_lib.h(18): Notify: Transaction "homepage" ended with a "Fail" status (Duration: 2,0240 Wasted Time: 0,0002).	[MsgId: MMSG-16871]
..\\common_lib.h(18): Notify: Transaction "homepage" has 3 error message(s).	[MsgId: MMSG-16818]
..\\common_lib.h(18): Notify: The 1st error message associated with transaction "homepage" is "Error -27792: Failed to connect to server "localhost:1080": [10061] Connection refused"	[MsgId: MMSG-16819]
..\\common_lib.h(18): Notify: The 2nd error message associated with transaction "homepage" is "Error -26366: "Text=Welcome to the Web Tours site" not found for web_reg_find"	[MsgId: MMSG-16819]
..\\common_lib.h(18): Notify: The 3rd error message associated with transaction "homepage" is "Error -26374: The above "not found" error(s) may be explained by header and body byte counts being 0 and 0, respectively."	[MsgId: MMSG-16819]
..\\common_lib.h(18): Notify: Transaction "UC04_CreateNewUser" ended with a "Fail" status (Duration: 2,0240 Wasted Time: 0,0002).	[MsgId: MMSG-16871]
..\\common_lib.h(18): Notify: Transaction "UC04_CreateNewUser" has 3 error message(s).	[MsgId: MMSG-16818]
..\\common_lib.h(18): Notify: The 1st error message associated with transaction "UC04_CreateNewUser" is "Error -27792: Failed to connect to server "localhost:1080": [10061] Connection refused"	[MsgId: MMSG-16819]
..\\common_lib.h(18): Notify: The 2nd error message associated with transaction "UC04_CreateNewUser" is "Error -26366: "Text=Welcome to the Web Tours site" not found for web_reg_find"	[MsgId: MMSG-16819]
..\\common_lib.h(18): Notify: The 3rd error message associated with transaction "UC04_CreateNewUser" is "Error -26374: The above "not found" error(s) may be explained by header and body byte counts being 0 and 0, respectively."	[MsgId: MMSG-16819]
Ending action Action.	[MsgId: MMSG-15918]
Ending iteration 1.	[MsgId: MMSG-15965]
Waiting 68,9750 seconds for iteration pacing.	[MsgId: MMSG-15996]
Starting iteration 2.	[MsgId: MMSG-15968]
..\\common_lib.h(18): Resetting all proxy auto-configuration information  	[MsgId: MMSG-26000]
Notify: Next row for parameter Adress = 5 [table  = Adress].	[MsgId: MMSG-13876]
Notify: Getting new value for parameter 'Adress': table = '..\Parameters\userConstructor.dat' column = '2' row = '5'.	[MsgId: MMSG-13877]
Notify: Next row for parameter City = 5 [table  = City].	[MsgId: MMSG-13876]
Notify: Getting new value for parameter 'City': table = '..\Parameters\userConstructor.dat' column = '3' row = '5'.	[MsgId: MMSG-13877]
Starting action Action.	[MsgId: MMSG-15919]
Action.c(5): Notify: Transaction "UC04_CreateNewUser" started.	[MsgId: MMSG-16999]
..\\common_lib.h(2): Notify: Transaction "homepage" started.	[MsgId: MMSG-16999]
..\\common_lib.h(4): web_reg_find started  	[MsgId: MMSG-26355]
..\\common_lib.h(4): Registering web_reg_find was successful  	[MsgId: MMSG-26390]
..\\common_lib.h(7): web_reg_save_param_attrib started  	[MsgId: MMSG-26355]
..\\common_lib.h(7): Registering web_reg_save_param_attrib was successful  	[MsgId: MMSG-26390]
..\\common_lib.h(18): web_url("WebTours") started  	[MsgId: MMSG-26355]
..\\common_lib.h(18): t=76418ms: Connecting [0] to host 127.0.0.1:1080  	[MsgId: MMSG-26000]
..\\common_lib.h(18): Error -27792: Failed to connect to server "localhost:1080": [10061] Connection refused  	[MsgId: MERR-27792]
..\\common_lib.h(18): t=78443ms: Closed connection [0] to localhost:1080 after completing 0 request(s)  	[MsgId: MMSG-26000]
..\\common_lib.h(18): Search registration for "userSession" parameter is filtered by "Content Type"  	[MsgId: MMSG-26000]
..\\common_lib.h(18): Notify: Saving Parameter "userSession = ".	[MsgId: MMSG-13798]
..\\common_lib.h(18): Error -35048: No match found for the requested parameter "userSession". Check whether the tag with specific attributes exists in the response data  	[MsgId: MERR-35048]
..\\common_lib.h(18): Error -26366: "Text=Welcome to the Web Tours site" not found for web_reg_find  	[MsgId: MERR-26366]
..\\common_lib.h(18): Error -26374: The above "not found" error(s) may be explained by header and body byte counts being 0 and 0, respectively.  	[MsgId: MERR-26374]
..\\common_lib.h(18): web_url("WebTours") highest severity level was "ERROR", 0 body bytes, 0 header bytes  	[MsgId: MMSG-26388]
..\\common_lib.h(18): Notify: Transaction "homepage" ended with a "Fail" status (Duration: 2,0259 Wasted Time: 0,0002).	[MsgId: MMSG-16871]
..\\common_lib.h(18): Notify: Transaction "homepage" has 3 error message(s).	[MsgId: MMSG-16818]
..\\common_lib.h(18): Notify: The 1st error message associated with transaction "homepage" is "Error -27792: Failed to connect to server "localhost:1080": [10061] Connection refused"	[MsgId: MMSG-16819]
..\\common_lib.h(18): Notify: The 2nd error message associated with transaction "homepage" is "Error -26366: "Text=Welcome to the Web Tours site" not found for web_reg_find"	[MsgId: MMSG-16819]
..\\common_lib.h(18): Notify: The 3rd error message associated with transaction "homepage" is "Error -26374: The above "not found" error(s) may be explained by header and body byte counts being 0 and 0, respectively."	[MsgId: MMSG-16819]
..\\common_lib.h(18): Notify: Transaction "UC04_CreateNewUser" ended with a "Fail" status (Duration: 2,0260 Wasted Time: 0,0002).	[MsgId: MMSG-16871]
..\\common_lib.h(18): Notify: Transaction "UC04_CreateNewUser" has 3 error message(s).	[MsgId: MMSG-16818]
..\\common_lib.h(18): Notify: The 1st error message associated with transaction "UC04_CreateNewUser" is "Error -27792: Failed to connect to server "localhost:1080": [10061] Connection refused"	[MsgId: MMSG-16819]
..\\common_lib.h(18): Notify: The 2nd error message associated with transaction "UC04_CreateNewUser" is "Error -26366: "Text=Welcome to the Web Tours site" not found for web_reg_find"	[MsgId: MMSG-16819]
..\\common_lib.h(18): Notify: The 3rd error message associated with transaction "UC04_CreateNewUser" is "Error -26374: The above "not found" error(s) may be explained by header and body byte counts being 0 and 0, respectively."	[MsgId: MMSG-16819]
Ending action Action.	[MsgId: MMSG-15918]
Ending iteration 2.	[MsgId: MMSG-15965]
Waiting 68,9730 seconds for iteration pacing.	[MsgId: MMSG-15996]
Starting iteration 2.	[MsgId: MMSG-15968]
..\\common_lib.h(18): Resetting all proxy auto-configuration information  	[MsgId: MMSG-26000]
Notify: Next row for parameter Adress = 6 [table  = Adress].	[MsgId: MMSG-13876]
Notify: Getting new value for parameter 'Adress': table = '..\Parameters\userConstructor.dat' column = '2' row = '6'.	[MsgId: MMSG-13877]
Notify: Next row for parameter City = 6 [table  = City].	[MsgId: MMSG-13876]
Notify: Getting new value for parameter 'City': table = '..\Parameters\userConstructor.dat' column = '3' row = '6'.	[MsgId: MMSG-13877]
Starting action Action.	[MsgId: MMSG-15919]
Action.c(5): Notify: Transaction "UC04_CreateNewUser" started.	[MsgId: MMSG-16999]
..\\common_lib.h(2): Notify: Transaction "homepage" started.	[MsgId: MMSG-16999]
..\\common_lib.h(4): web_reg_find started  	[MsgId: MMSG-26355]
..\\common_lib.h(4): Registering web_reg_find was successful  	[MsgId: MMSG-26390]
..\\common_lib.h(7): web_reg_save_param_attrib started  	[MsgId: MMSG-26355]
..\\common_lib.h(7): Registering web_reg_save_param_attrib was successful  	[MsgId: MMSG-26390]
..\\common_lib.h(18): web_url("WebTours") started  	[MsgId: MMSG-26355]
..\\common_lib.h(18): t=96503ms: Connecting [0] to host 127.0.0.1:1080  	[MsgId: MMSG-26000]
..\\common_lib.h(18): Error -27792: Failed to connect to server "localhost:1080": [10061] Connection refused  	[MsgId: MERR-27792]
..\\common_lib.h(18): t=98531ms: Closed connection [0] to localhost:1080 after completing 0 request(s)  	[MsgId: MMSG-26000]
..\\common_lib.h(18): Search registration for "userSession" parameter is filtered by "Content Type"  	[MsgId: MMSG-26000]
..\\common_lib.h(18): Notify: Saving Parameter "userSession = ".	[MsgId: MMSG-13798]
..\\common_lib.h(18): Error -35048: No match found for the requested parameter "userSession". Check whether the tag with specific attributes exists in the response data  	[MsgId: MERR-35048]
..\\common_lib.h(18): Error -26366: "Text=Welcome to the Web Tours site" not found for web_reg_find  	[MsgId: MERR-26366]
..\\common_lib.h(18): Error -26374: The above "not found" error(s) may be explained by header and body byte counts being 0 and 0, respectively.  	[MsgId: MERR-26374]
..\\common_lib.h(18): web_url("WebTours") highest severity level was "ERROR", 0 body bytes, 0 header bytes  	[MsgId: MMSG-26388]
..\\common_lib.h(18): Notify: Transaction "homepage" ended with a "Fail" status (Duration: 2,0303 Wasted Time: 0,0005).	[MsgId: MMSG-16871]
..\\common_lib.h(18): Notify: Transaction "homepage" has 3 error message(s).	[MsgId: MMSG-16818]
..\\common_lib.h(18): Notify: The 1st error message associated with transaction "homepage" is "Error -27792: Failed to connect to server "localhost:1080": [10061] Connection refused"	[MsgId: MMSG-16819]
..\\common_lib.h(18): Notify: The 2nd error message associated with transaction "homepage" is "Error -26366: "Text=Welcome to the Web Tours site" not found for web_reg_find"	[MsgId: MMSG-16819]
..\\common_lib.h(18): Notify: The 3rd error message associated with transaction "homepage" is "Error -26374: The above "not found" error(s) may be explained by header and body byte counts being 0 and 0, respectively."	[MsgId: MMSG-16819]
..\\common_lib.h(18): Notify: Transaction "UC04_CreateNewUser" ended with a "Fail" status (Duration: 2,0303 Wasted Time: 0,0005).	[MsgId: MMSG-16871]
..\\common_lib.h(18): Notify: Transaction "UC04_CreateNewUser" has 3 error message(s).	[MsgId: MMSG-16818]
..\\common_lib.h(18): Notify: The 1st error message associated with transaction "UC04_CreateNewUser" is "Error -27792: Failed to connect to server "localhost:1080": [10061] Connection refused"	[MsgId: MMSG-16819]
..\\common_lib.h(18): Notify: The 2nd error message associated with transaction "UC04_CreateNewUser" is "Error -26366: "Text=Welcome to the Web Tours site" not found for web_reg_find"	[MsgId: MMSG-16819]
..\\common_lib.h(18): Notify: The 3rd error message associated with transaction "UC04_CreateNewUser" is "Error -26374: The above "not found" error(s) may be explained by header and body byte counts being 0 and 0, respectively."	[MsgId: MMSG-16819]
Ending action Action.	[MsgId: MMSG-15918]
Ending iteration 2.	[MsgId: MMSG-15965]
Waiting 68,9680 seconds for iteration pacing.	[MsgId: MMSG-15996]
Action was aborted.	[MsgId: MMSG-10694]
Ending Vuser...	[MsgId: MMSG-15966]
Starting action vuser_end.	[MsgId: MMSG-15919]
Ending action vuser_end.	[MsgId: MMSG-15918]
Vuser Terminated.	[MsgId: MMSG-15963]
Action was aborted.	[MsgId: MMSG-10694]
Ending Vuser...	[MsgId: MMSG-15966]
Starting action vuser_end.	[MsgId: MMSG-15919]
Ending action vuser_end.	[MsgId: MMSG-15918]
Vuser Terminated.	[MsgId: MMSG-15963]
HTML-Mode memory management statistics: Reusable=0, NonReusable=0, CsMemBlockSize=4096, checks disabled  	[MsgId: MMSG-26000]
Vuser 1 (thread 11428), ended OK."	[MsgId: MMSG-10695]
HTML-Mode memory management statistics: Reusable=0, NonReusable=0, CsMemBlockSize=4096, checks disabled  	[MsgId: MMSG-26000]
Vuser 0 (thread 17184), ended OK."	[MsgId: MMSG-10695]
