..\\common_lib.h(64):        </frameset>\n
..\\common_lib.h(64):     </html>\n
..\\common_lib.h(64):     \n
..\\common_lib.h(64):     </body>\n
..\\common_lib.h(64):     </html>
..\\common_lib.h(64): Detected non-resource "http://localhost:1080/cgi-bin/nav.pl?in=home" in "http://localhost:1080/cgi-bin/welcome.pl?signOff=1"  	[MsgId: MMSG-26574]
..\\common_lib.h(64): Detected non-resource "http://localhost:1080/WebTours/home.html" in "http://localhost:1080/cgi-bin/welcome.pl?signOff=1"  	[MsgId: MMSG-26574]
..\\common_lib.h(64): Retrieving data from cache for "http://localhost:1080/WebTours/home.html"  	[MsgId: MMSG-26558]
..\\common_lib.h(64): t=1365226ms: 1361-byte response body retrieved from cache for "http://localhost:1080/WebTours/home.html" (RelFrameId=1.2, Internal ID=529)
..\\common_lib.h(64):     <HTML>\n
..\\common_lib.h(64):     <HEAD>\n
..\\common_lib.h(64):     \t<title>Web Tours</title>\n
..\\common_lib.h(64):     </HEAD>\n
..\\common_lib.h(64):     <style>\n
..\\common_lib.h(64):     \tblockquote {font-family: tahoma; font-size : 10pt}\n
..\\common_lib.h(64):     \tH1 {font-family: tahoma; font-size : 22pt; color: #003366}\n
..\\common_lib.h(64):     \tsmall {font-family: tahoma; font-size : 8pt}\n
..\\common_lib.h(64):     \tH3{font-family: tahoma; font-size : 10pt; color: black}\n
..\\common_lib.h(64):     \tA {FONT-WEIGHT: bold; FONT-SIZE: 10pt; COLOR: black; FONT-FAMILY: Tahoma; TEXT-DECORATIO
..\\common_lib.h(64):     N: none}\n
..\\common_lib.h(64):     \tA:hover{ FONT-WEIGHT: bold; FONT-SIZE: 10pt; COLOR: #993333; FONT-FAMILY: Tahoma;TEXT-DE
..\\common_lib.h(64):     CORATION: underline}\n
..\\common_lib.h(64):     \tTD {font-family: tahoma; font-size : 10pt; color: black}\n
..\\common_lib.h(64):     </style>\n
..\\common_lib.h(64):     <body bgcolor="#e0e7f1">\n
..\\common_lib.h(64):     <BR/>\n
..\\common_lib.h(64):     <BR/>\n
..\\common_lib.h(64):     <BR/>\n
..\\common_lib.h(64):     <br/>\n
..\\common_lib.h(64):     <table border="0">\n
..\\common_lib.h(64):     <tr><td></td></tr>\n
..\\common_lib.h(64):     <TR><TD></TD></TR>\n
..\\common_lib.h(64):     <TR><TD>\n
..\\common_lib.h(64):     <blockquote>\n
..\\common_lib.h(64):     <H1><b>Web Tours</b></H1>\n
..\\common_lib.h(64):     Welcome to the Web Tours site.\n
..\\common_lib.h(64):     <br/>\n
..\\common_lib.h(64):     To make reservations,please enter your account information to the left.\n
..\\common_lib.h(64):     <br/>\n
..\\common_lib.h(64):     If you haven't registered yet, <A href="/cgi-bin/login.pl?username=&amp;password=&amp;getI
..\\common_lib.h(64):     nfo=true" ><B>sign up now</B></A> to get access to all our resources.\n
..\\common_lib.h(64):     <br/>\n
..\\common_lib.h(64):     To configure the server options, use <A href="/cgi-bin/admin.pl" target="body" ><b>adminis
..\\common_lib.h(64):     tration</b></A> link.\n
..\\common_lib.h(64):     <br/><br/><br/><br/><br/><br/>\n
..\\common_lib.h(64):     <br/><small>\n
..\\common_lib.h(64):     This product uses parts of the SMT Kernel, Copyright (c) 1991-99 <A href="http://www.imati
..\\common_lib.h(64):     x.com" target="new"><B><small>iMatix Corporation</small></B></A> \n
..\\common_lib.h(64):     </small>\n
..\\common_lib.h(64):     </blockquote></TD>\n
..\\common_lib.h(64):     <TD></TD></TR>\n
..\\common_lib.h(64):     </table>\n
..\\common_lib.h(64):     </body>\n
..\\common_lib.h(64):     </HTML>\n
..\\common_lib.h(64): t=1365227ms: 5-byte chunked response overhead for "http://localhost:1080/cgi-bin/welcome.pl?signOff=1" (RelFrameId=1, Internal ID=527)
..\\common_lib.h(64):     0\r\n
..\\common_lib.h(64):     \r\n
..\\common_lib.h(64): t=1365227ms: Request done "http://localhost:1080/cgi-bin/welcome.pl?signOff=1"  	[MsgId: MMSG-26000]
..\\common_lib.h(64): t=1365227ms: Connecting [1] to host 127.0.0.1:1080  	[MsgId: MMSG-26000]
..\\common_lib.h(64): t=1365251ms: Connected socket [1] from 127.0.0.1:1806 to 127.0.0.1:1080 in 24 ms  	[MsgId: MMSG-26000]
..\\common_lib.h(64): t=1365251ms: 327-byte request headers for "http://localhost:1080/cgi-bin/nav.pl?in=home" (RelFrameId=1.1, Internal ID=528)
..\\common_lib.h(64):     GET /cgi-bin/nav.pl?in=home HTTP/1.1\r\n
..\\common_lib.h(64):     Referer: http://localhost:1080/cgi-bin/welcome.pl?signOff=1\r\n
..\\common_lib.h(64):     User-Agent: Mozilla/5.0 (Windows NT 10.0; WOW64; Trident/7.0; rv:11.0) like Gecko\r\n
..\\common_lib.h(64):     Accept-Encoding: gzip, deflate\r\n
..\\common_lib.h(64):     Accept-Language: ru-RU\r\n
..\\common_lib.h(64):     Accept: */*\r\n
..\\common_lib.h(64):     Connection: Keep-Alive\r\n
..\\common_lib.h(64):     Host: localhost:1080\r\n
..\\common_lib.h(64):     Cookie: MSO=SID&1658400906\r\n
..\\common_lib.h(64):     \r\n
..\\common_lib.h(64): t=1365303ms: 256-byte response headers for "http://localhost:1080/cgi-bin/nav.pl?in=home" (RelFrameId=1.1, Internal ID=528)
..\\common_lib.h(64):     HTTP/1.1 200 OK\r\n
..\\common_lib.h(64):     Date: Thu, 21 Jul 2022 10:55:06 GMT\r\n
..\\common_lib.h(64):     Server: Apache/2.2.21 (Win32)\r\n
..\\common_lib.h(64):     Expires: Wed, 20 Jul 2022 10:55:06 GMT\r\n
..\\common_lib.h(64):     Keep-Alive: timeout=5, max=100\r\n
..\\common_lib.h(64):     Connection: Keep-Alive\r\n
..\\common_lib.h(64):     Transfer-Encoding: chunked\r\n
..\\common_lib.h(64):     Content-Type: text/html; charset=ISO-8859-1\r\n
..\\common_lib.h(64):     \r\n
..\\common_lib.h(64): t=1365304ms: 5-byte chunked response overhead for "http://localhost:1080/cgi-bin/nav.pl?in=home" (RelFrameId=1.1, Internal ID=528)
..\\common_lib.h(64):     5cc\r\n
..\\common_lib.h(64): t=1365304ms: 2-byte chunked response overhead for "http://localhost:1080/cgi-bin/nav.pl?in=home" (RelFrameId=1.1, Internal ID=528)
..\\common_lib.h(64):     \r\n
..\\common_lib.h(64): t=1365304ms: 1484-byte chunked response body for "http://localhost:1080/cgi-bin/nav.pl?in=home" (RelFrameId=1.1, Internal ID=528)
..\\common_lib.h(64):     <!DOCTYPE html\n
..\\common_lib.h(64):     \tPUBLIC "-//W3C//DTD XHTML 1.0 Transitional//EN"\n
..\\common_lib.h(64):     \t "http://www.w3.org/TR/xhtml1/DTD/xhtml1-transitional.dtd">\n
..\\common_lib.h(64):     <html xmlns="http://www.w3.org/1999/xhtml" lang="en-US" xml:lang="en-US">\n
..\\common_lib.h(64):     <head>\n
..\\common_lib.h(64):     <title>Web Tours Navigation Bar</title>\n
..\\common_lib.h(64):     <meta http-equiv="Content-Type" content="text/html; charset=iso-8859-1" />\n
..\\common_lib.h(64):     </head>\n
..\\common_lib.h(64):     <body bgcolor="#E0E7F1">\n
..\\common_lib.h(64):     <style>\n
..\\common_lib.h(64):     blockquote {font-family: tahoma; font-size : 10pt}\n
..\\common_lib.h(64):     H1 {font-family: tahoma; font-size : 22pt; color: #993333}\n
..\\common_lib.h(64):     H3 {font-family: tahoma; font-size : 10pt; color: black}\n
..\\common_lib.h(64):     small {font-family: tahoma; font-size : 8pt}\n
..\\common_lib.h(64):     </style>\n
..\\common_lib.h(64):     <form method="post" action="/cgi-bin/login.pl" target="body">\n
..\\common_lib.h(64):     <input type="hidden" name="userSession" value="134337.861968408zQVAAADpHHftVtzApAcczf"/>\n
..\\common_lib.h(64):     <table border="0"><tr><td>&nbsp;</td>\n
..\\common_lib.h(64):     <td>&nbsp;</td></tr>\n
..\\common_lib.h(64):     <tr><td>&nbsp;</td>\n
..\\common_lib.h(64):     <td>&nbsp;</td></tr>\n
..\\common_lib.h(64):     <tr><td>&nbsp;</td>\n
..\\common_lib.h(64):     <td><small>&nbsp;Username</small></td></tr>\n
..\\common_lib.h(64):     <tr><td>&nbsp;</td>\n
..\\common_lib.h(64):     <td><input type="text" name="username" value="" size="14" maxlength="14"/></td></tr>\n
..\\common_lib.h(64):     <tr><td>&nbsp;</td>\n
..\\common_lib.h(64):     <td><small>&nbsp;Password</small></td>\n
..\\common_lib.h(64):     <tr><td>&nbsp;</td>\n
..\\common_lib.h(64):     <td><input type="password" name="password" value="" size="14" maxlength="14"/></td></tr>\n
..\\common_lib.h(64):     <tr><td>&nbsp;</td>\n
..\\common_lib.h(64):     <td>&nbsp;</td></tr>\n
..\\common_lib.h(64):     <tr><td>&nbsp;</td>\n
..\\common_lib.h(64):     <td><input type="image" name="login" value="Login" alt="Login" border="1" \n
..\\common_lib.h(64):     src="/WebTours/images/mer_login.gif"/></td></tr>\n
..\\common_lib.h(64):     <tr><td>&nbsp;</td><td>&nbsp;</td></tr>\n
..\\common_lib.h(64):     </table><input type="hidden" name="JSFormSubmit" value="off"/>\n
..\\common_lib.h(64):     </form>\n
..\\common_lib.h(64):     \n
..\\common_lib.h(64):     </body>\n
..\\common_lib.h(64):     </html>\n
..\\common_lib.h(64): Resource "http://localhost:1080/WebTours/images/mer_login.gif" is in the cache already and will not be downloaded again  	[MsgId: MMSG-26655]
..\\common_lib.h(64): t=1365306ms: 5-byte chunked response overhead for "http://localhost:1080/cgi-bin/nav.pl?in=home" (RelFrameId=1.1, Internal ID=528)
..\\common_lib.h(64):     0\r\n
..\\common_lib.h(64):     \r\n
..\\common_lib.h(64): t=1365306ms: Request done "http://localhost:1080/cgi-bin/nav.pl?in=home"  	[MsgId: MMSG-26000]
..\\common_lib.h(64): Registered web_reg_find successful for "Text=Welcome to the Web Tours site" (count=1)  	[MsgId: MMSG-26364]
..\\common_lib.h(64): web_url("SignOff Button") was successful, 2170 body bytes, 583 header bytes, 24 chunking overhead bytes  	[MsgId: MMSG-26385]
..\\common_lib.h(74): Notify: Transaction "logout" ended with a "Pass" status (Duration: 0,1871 Wasted Time: 0,0000).	[MsgId: MMSG-16871]
Action.c(157): Notify: Transaction "UC05_Itinerary" ended with a "Pass" status (Duration: 20,9640 Think Time: 20,0203 Wasted Time: 0,0016).	[MsgId: MMSG-16870]
Ending action Action.	[MsgId: MMSG-15918]
Action was aborted.	[MsgId: MMSG-10694]
Ending Vuser...	[MsgId: MMSG-15966]
Starting action vuser_end.	[MsgId: MMSG-15919]
Ending action vuser_end.	[MsgId: MMSG-15918]
Vuser Terminated.	[MsgId: MMSG-15963]
t=1365307ms: Closed connection [0] to localhost:1080 after completing 3 request(s)  	[MsgId: MMSG-26000]
t=1365307ms: Closed connection [1] to localhost:1080 after completing 1 request(s)  	[MsgId: MMSG-26000]
HTML-Mode memory management statistics: Reusable=14, NonReusable=0, CsMemBlockSize=4096, checks disabled  	[MsgId: MMSG-26000]
Vuser 0 (thread 22576), ended OK."	[MsgId: MMSG-10695]
